<?xml version="1.0" encoding="UTF-8"?>
<!-- Generated by org.testng.reporters.JUnitXMLReporter -->
<testsuite ignored="0" hostname="apples-MacBook-Air.local" failures="0" tests="4" name="Default test" time="0.094" errors="0" timestamp="2024-08-28T18:20:28 IST">
  <testcase classname="TestNG_attributes.DependOnMethods" name="m1" time="0.015"/>
  <testcase classname="TestNG_attributes.DependOnMethods" name="m2" time="0.002"/>
  <testcase classname="TestNG_attributes.DependOnMethods" name="m3" time="0.004"/>
  <testcase classname="TestNG_attributes.DependOnMethods" name="m4" time="0.002"/>
</testsuite> <!-- Default test -->
