<?xml version="1.0" encoding="UTF-8"?>
<!-- Generated by org.testng.reporters.JUnitXMLReporter -->
<testsuite ignored="1" hostname="apples-MacBook-Air.local" failures="1" tests="6" name="Test" time="170.214" errors="0" timestamp="2023-10-31T15:59:11 IST">
  <testcase classname="Functionality.OrangeHRM" name="setup" time="7.005"/>
  <testcase classname="Functionality.OrangeHRM" name="login" time="0.482"/>
  <testcase classname="Functionality.OrangeHRM" name="admin" time="31.751"/>
  <testcase classname="Functionality.OrangeHRM" name="PIM" time="69.044"/>
  <testcase classname="Functionality.OrangeHRM" name="leave" time="30.471"/>
  <testcase classname="Functionality.OrangeHRM" name="time" time="31.366">
    <failure type="org.openqa.selenium.ElementNotInteractableException" message="element not interactable
  (Session info: chrome=118.0.5993.117)
Build info: version: &amp;apos;4.14.1&amp;apos;, revision: &amp;apos;03f8ede370&amp;apos;
System info: os.name: &amp;apos;Mac OS X&amp;apos;, os.arch: &amp;apos;x86_64&amp;apos;, os.version: &amp;apos;12.7.1&amp;apos;, java.version: &amp;apos;21&amp;apos;
Driver info: org.openqa.selenium.chrome.ChromeDriver
Command: [e8b860b31db986635e6f028a8bd5d2e8, sendKeysToElement {id=66C33A6EA06C651992AEBDCFA836DD5F_element_308, value=[Ljava.lang.CharSequence;@7f34a967}]
Capabilities {acceptInsecureCerts: false, browserName: chrome, browserVersion: 118.0.5993.117, chrome: {chromedriverVersion: 118.0.5993.70 (e52f33f30b91..., userDataDir: /var/folders/42/xlw21rms3nd...}, fedcm:accounts: true, goog:chromeOptions: {debuggerAddress: localhost:51176}, networkConnectionEnabled: false, pageLoadStrategy: normal, platformName: mac, proxy: Proxy(), se:cdp: ws://localhost:51176/devtoo..., se:cdpVersion: 118.0.5993.117, setWindowRect: true, strictFileInteractability: false, timeouts: {implicit: 0, pageLoad: 300000, script: 30000}, unhandledPromptBehavior: dismiss and notify, webauthn:extension:credBlob: true, webauthn:extension:largeBlob: true, webauthn:extension:minPinLength: true, webauthn:extension:prf: true, webauthn:virtualAuthenticators: true}
Element: [[ChromeDriver: chrome on mac (e8b860b31db986635e6f028a8bd5d2e8)] -&amp;gt; xpath: //div[@class=&amp;quot;oxd-grid-item oxd-grid-item--gutters&amp;quot;]//div[@class=&amp;quot;oxd-autocomplete-wrapper&amp;quot;]]
Session ID: e8b860b31db986635e6f028a8bd5d2e8">
      <![CDATA[org.openqa.selenium.ElementNotInteractableException: element not interactable
  (Session info: chrome=118.0.5993.117)
Build info: version: '4.14.1', revision: '03f8ede370'
System info: os.name: 'Mac OS X', os.arch: 'x86_64', os.version: '12.7.1', java.version: '21'
Driver info: org.openqa.selenium.chrome.ChromeDriver
Command: [e8b860b31db986635e6f028a8bd5d2e8, sendKeysToElement {id=66C33A6EA06C651992AEBDCFA836DD5F_element_308, value=[Ljava.lang.CharSequence;@7f34a967}]
Capabilities {acceptInsecureCerts: false, browserName: chrome, browserVersion: 118.0.5993.117, chrome: {chromedriverVersion: 118.0.5993.70 (e52f33f30b91..., userDataDir: /var/folders/42/xlw21rms3nd...}, fedcm:accounts: true, goog:chromeOptions: {debuggerAddress: localhost:51176}, networkConnectionEnabled: false, pageLoadStrategy: normal, platformName: mac, proxy: Proxy(), se:cdp: ws://localhost:51176/devtoo..., se:cdpVersion: 118.0.5993.117, setWindowRect: true, strictFileInteractability: false, timeouts: {implicit: 0, pageLoad: 300000, script: 30000}, unhandledPromptBehavior: dismiss and notify, webauthn:extension:credBlob: true, webauthn:extension:largeBlob: true, webauthn:extension:minPinLength: true, webauthn:extension:prf: true, webauthn:virtualAuthenticators: true}
Element: [[ChromeDriver: chrome on mac (e8b860b31db986635e6f028a8bd5d2e8)] -> xpath: //div[@class="oxd-grid-item oxd-grid-item--gutters"]//div[@class="oxd-autocomplete-wrapper"]]
Session ID: e8b860b31db986635e6f028a8bd5d2e8
at org.openqa.selenium.remote.codec.w3c.W3CHttpResponseCodec.createException(W3CHttpResponseCodec.java:200)
at org.openqa.selenium.remote.codec.w3c.W3CHttpResponseCodec.decode(W3CHttpResponseCodec.java:133)
at org.openqa.selenium.remote.codec.w3c.W3CHttpResponseCodec.decode(W3CHttpResponseCodec.java:52)
at org.openqa.selenium.remote.HttpCommandExecutor.execute(HttpCommandExecutor.java:191)
at org.openqa.selenium.remote.service.DriverCommandExecutor.invokeExecute(DriverCommandExecutor.java:200)
at org.openqa.selenium.remote.service.DriverCommandExecutor.execute(DriverCommandExecutor.java:175)
at org.openqa.selenium.remote.RemoteWebDriver.execute(RemoteWebDriver.java:602)
at org.openqa.selenium.remote.RemoteWebElement.execute(RemoteWebElement.java:224)
at org.openqa.selenium.remote.RemoteWebElement.sendKeys(RemoteWebElement.java:111)
at org.openqa.selenium.support.pagefactory.internal.LocatingElementHandler.invoke(LocatingElementHandler.java:51)
at jdk.proxy2/jdk.proxy2.$Proxy11.sendKeys(Unknown Source)
at Functionality.OrangeHRM.time(OrangeHRM.java:120)
at java.base/java.util.ArrayList.forEach(ArrayList.java:1596)
... Removed 30 stack frames]]>
    </failure>
  </testcase> <!-- time -->
  <testcase classname="Functionality.OrangeHRM" name="close" time="0.0">
    <ignored/>
  </testcase> <!-- close -->
</testsuite> <!-- Test -->
