<?xml version="1.0" encoding="UTF-8"?>
<testsuite xmlns:xsi="http://www.w3.org/2001/XMLSchema-instance" xsi:noNamespaceSchemaLocation="https://maven.apache.org/surefire/maven-surefire-plugin/xsd/surefire-test-report-3.0.xsd" version="3.0" name="TestSuite" time="158.779" tests="6" errors="0" skipped="0" failures="2">
  <properties>
[...]
</properties>
  <testcase name="setup" classname="Functionality.OrangeHRM" time="6.482">
    <system-err><![CDATA[SLF4J: Failed to load class "org.slf4j.impl.StaticLoggerBinder".
SLF4J: Defaulting to no-operation (NOP) logger implementation
SLF4J: See http://www.slf4j.org/codes.html#StaticLoggerBinder for further details.
Nov 07, 2023 2:49:17 PM org.openqa.selenium.devtools.CdpVersionFinder findNearestMatch
WARNING: Unable to find an exact match for CDP version 119, returning the closest version; found: 118; Please update to a Selenium version that supports CDP version 119
]]></system-err>
  </testcase>
  <testcase name="login" classname="Functionality.OrangeHRM" time="1.522"/>
  <testcase name="admin" classname="Functionality.OrangeHRM" time="31.515"/>
  <testcase name="PIM" classname="Functionality.OrangeHRM" time="48.375">
    <failure message="no such element: Unable to locate element: {&quot;method&quot;:&quot;xpath&quot;,&quot;selector&quot;:&quot;//*[@id=&quot;app&quot;]/div[1]/div[2]/div[2]/div/div/div/div[2]/div[1]/form/div[3]/div[1]/div[2]/div/div[2]/div/div[2]/div[2]&quot;}&#10;  (Session info: chrome=119.0.6045.105)&#10;For documentation on this error, please visit: https://www.selenium.dev/documentation/webdriver/troubleshooting/errors#no-such-element-exception&#10;Build info: version: &apos;4.14.1&apos;, revision: &apos;03f8ede370&apos;&#10;System info: os.name: &apos;Mac OS X&apos;, os.arch: &apos;x86_64&apos;, os.version: &apos;12.7.1&apos;, java.version: &apos;21&apos;&#10;Driver info: org.openqa.selenium.chrome.ChromeDriver&#10;Command: [bb5a30a793dd40f44289dadb786f1427, findElement {using=xpath, value=//*[@id=&quot;app&quot;]/div[1]/div[2]/div[2]/div/div/div/div[2]/div[1]/form/div[3]/div[1]/div[2]/div/div[2]/div/div[2]/div[2]}]&#10;Capabilities {acceptInsecureCerts: false, browserName: chrome, browserVersion: 119.0.6045.105, chrome: {chromedriverVersion: 119.0.6045.105 (38c72552c5e..., userDataDir: /var/folders/42/xlw21rms3nd...}, fedcm:accounts: true, goog:chromeOptions: {debuggerAddress: localhost:51201}, networkConnectionEnabled: false, pageLoadStrategy: normal, platformName: mac, proxy: Proxy(), se:cdp: ws://localhost:51201/devtoo..., se:cdpVersion: 119.0.6045.105, setWindowRect: true, strictFileInteractability: false, timeouts: {implicit: 0, pageLoad: 300000, script: 30000}, unhandledPromptBehavior: dismiss and notify, webauthn:extension:credBlob: true, webauthn:extension:largeBlob: true, webauthn:extension:minPinLength: true, webauthn:extension:prf: true, webauthn:virtualAuthenticators: true}&#10;Session ID: bb5a30a793dd40f44289dadb786f1427" type="org.openqa.selenium.NoSuchElementException"><![CDATA[org.openqa.selenium.NoSuchElementException: 
no such element: Unable to locate element: {"method":"xpath","selector":"//*[@id="app"]/div[1]/div[2]/div[2]/div/div/div/div[2]/div[1]/form/div[3]/div[1]/div[2]/div/div[2]/div/div[2]/div[2]"}
  (Session info: chrome=119.0.6045.105)
For documentation on this error, please visit: https://www.selenium.dev/documentation/webdriver/troubleshooting/errors#no-such-element-exception
Build info: version: '4.14.1', revision: '03f8ede370'
System info: os.name: 'Mac OS X', os.arch: 'x86_64', os.version: '12.7.1', java.version: '21'
Driver info: org.openqa.selenium.chrome.ChromeDriver
Command: [bb5a30a793dd40f44289dadb786f1427, findElement {using=xpath, value=//*[@id="app"]/div[1]/div[2]/div[2]/div/div/div/div[2]/div[1]/form/div[3]/div[1]/div[2]/div/div[2]/div/div[2]/div[2]}]
Capabilities {acceptInsecureCerts: false, browserName: chrome, browserVersion: 119.0.6045.105, chrome: {chromedriverVersion: 119.0.6045.105 (38c72552c5e..., userDataDir: /var/folders/42/xlw21rms3nd...}, fedcm:accounts: true, goog:chromeOptions: {debuggerAddress: localhost:51201}, networkConnectionEnabled: false, pageLoadStrategy: normal, platformName: mac, proxy: Proxy(), se:cdp: ws://localhost:51201/devtoo..., se:cdpVersion: 119.0.6045.105, setWindowRect: true, strictFileInteractability: false, timeouts: {implicit: 0, pageLoad: 300000, script: 30000}, unhandledPromptBehavior: dismiss and notify, webauthn:extension:credBlob: true, webauthn:extension:largeBlob: true, webauthn:extension:minPinLength: true, webauthn:extension:prf: true, webauthn:virtualAuthenticators: true}
Session ID: bb5a30a793dd40f44289dadb786f1427
	at java.base/jdk.internal.reflect.DirectConstructorHandleAccessor.newInstance(DirectConstructorHandleAccessor.java:62)
	at java.base/java.lang.reflect.Constructor.newInstanceWithCaller(Constructor.java:502)
	at java.base/java.lang.reflect.Constructor.newInstance(Constructor.java:486)
	at org.openqa.selenium.remote.codec.w3c.W3CHttpResponseCodec.createException(W3CHttpResponseCodec.java:200)
	at org.openqa.selenium.remote.codec.w3c.W3CHttpResponseCodec.decode(W3CHttpResponseCodec.java:133)
	at org.openqa.selenium.remote.codec.w3c.W3CHttpResponseCodec.decode(W3CHttpResponseCodec.java:52)
	at org.openqa.selenium.remote.HttpCommandExecutor.execute(HttpCommandExecutor.java:191)
	at org.openqa.selenium.remote.service.DriverCommandExecutor.invokeExecute(DriverCommandExecutor.java:200)
	at org.openqa.selenium.remote.service.DriverCommandExecutor.execute(DriverCommandExecutor.java:175)
	at org.openqa.selenium.remote.RemoteWebDriver.execute(RemoteWebDriver.java:602)
	at org.openqa.selenium.remote.ElementLocation$ElementFinder$2.findElement(ElementLocation.java:165)
	at org.openqa.selenium.remote.ElementLocation.findElement(ElementLocation.java:59)
	at org.openqa.selenium.remote.RemoteWebDriver.findElement(RemoteWebDriver.java:359)
	at org.openqa.selenium.remote.RemoteWebDriver.findElement(RemoteWebDriver.java:353)
	at org.openqa.selenium.support.pagefactory.DefaultElementLocator.findElement(DefaultElementLocator.java:68)
	at org.openqa.selenium.support.pagefactory.internal.LocatingElementHandler.invoke(LocatingElementHandler.java:38)
	at jdk.proxy2/jdk.proxy2.$Proxy7.click(Unknown Source)
	at Functionality.OrangeHRM.PIM(OrangeHRM.java:83)
	at java.base/jdk.internal.reflect.DirectMethodHandleAccessor.invoke(DirectMethodHandleAccessor.java:103)
	at java.base/java.lang.reflect.Method.invoke(Method.java:580)
	at org.testng.internal.invokers.MethodInvocationHelper.invokeMethod(MethodInvocationHelper.java:139)
	at org.testng.internal.invokers.TestInvoker.invokeMethod(TestInvoker.java:664)
	at org.testng.internal.invokers.TestInvoker.invokeTestMethod(TestInvoker.java:227)
	at org.testng.internal.invokers.MethodRunner.runInSequence(MethodRunner.java:50)
	at org.testng.internal.invokers.TestInvoker$MethodInvocationAgent.invoke(TestInvoker.java:957)
	at org.testng.internal.invokers.TestInvoker.invokeTestMethods(TestInvoker.java:200)
	at org.testng.internal.invokers.TestMethodWorker.invokeTestMethods(TestMethodWorker.java:148)
	at org.testng.internal.invokers.TestMethodWorker.run(TestMethodWorker.java:128)
	at java.base/java.util.ArrayList.forEach(ArrayList.java:1596)
	at org.testng.TestRunner.privateRun(TestRunner.java:848)
	at org.testng.TestRunner.run(TestRunner.java:621)
	at org.testng.SuiteRunner.runTest(SuiteRunner.java:443)
	at org.testng.SuiteRunner.runSequentially(SuiteRunner.java:437)
	at org.testng.SuiteRunner.privateRun(SuiteRunner.java:397)
	at org.testng.SuiteRunner.run(SuiteRunner.java:336)
	at org.testng.SuiteRunnerWorker.runSuite(SuiteRunnerWorker.java:52)
	at org.testng.SuiteRunnerWorker.run(SuiteRunnerWorker.java:95)
	at org.testng.TestNG.runSuitesSequentially(TestNG.java:1280)
	at org.testng.TestNG.runSuitesLocally(TestNG.java:1200)
	at org.testng.TestNG.runSuites(TestNG.java:1114)
	at org.testng.TestNG.run(TestNG.java:1082)
	at org.apache.maven.surefire.testng.TestNGExecutor.run(TestNGExecutor.java:308)
	at org.apache.maven.surefire.testng.TestNGXmlTestSuite.execute(TestNGXmlTestSuite.java:71)
	at org.apache.maven.surefire.testng.TestNGProvider.invoke(TestNGProvider.java:113)
	at org.apache.maven.surefire.booter.ForkedBooter.runSuitesInProcess(ForkedBooter.java:385)
	at org.apache.maven.surefire.booter.ForkedBooter.execute(ForkedBooter.java:162)
	at org.apache.maven.surefire.booter.ForkedBooter.run(ForkedBooter.java:507)
	at org.apache.maven.surefire.booter.ForkedBooter.main(ForkedBooter.java:495)
]]></failure>
  </testcase>
  <testcase name="leave" classname="Functionality.OrangeHRM" time="33.923"/>
  <testcase name="time" classname="Functionality.OrangeHRM" time="31.129">
    <failure message="element not interactable&#10;  (Session info: chrome=119.0.6045.105)&#10;Build info: version: &apos;4.14.1&apos;, revision: &apos;03f8ede370&apos;&#10;System info: os.name: &apos;Mac OS X&apos;, os.arch: &apos;x86_64&apos;, os.version: &apos;12.7.1&apos;, java.version: &apos;21&apos;&#10;Driver info: org.openqa.selenium.chrome.ChromeDriver&#10;Command: [bb5a30a793dd40f44289dadb786f1427, sendKeysToElement {id=7E81CAB7280E33C92D5BBE181EA4BB9D_element_279, value=[Ljava.lang.CharSequence;@23c650a3}]&#10;Capabilities {acceptInsecureCerts: false, browserName: chrome, browserVersion: 119.0.6045.105, chrome: {chromedriverVersion: 119.0.6045.105 (38c72552c5e..., userDataDir: /var/folders/42/xlw21rms3nd...}, fedcm:accounts: true, goog:chromeOptions: {debuggerAddress: localhost:51201}, networkConnectionEnabled: false, pageLoadStrategy: normal, platformName: mac, proxy: Proxy(), se:cdp: ws://localhost:51201/devtoo..., se:cdpVersion: 119.0.6045.105, setWindowRect: true, strictFileInteractability: false, timeouts: {implicit: 0, pageLoad: 300000, script: 30000}, unhandledPromptBehavior: dismiss and notify, webauthn:extension:credBlob: true, webauthn:extension:largeBlob: true, webauthn:extension:minPinLength: true, webauthn:extension:prf: true, webauthn:virtualAuthenticators: true}&#10;Element: [[ChromeDriver: chrome on mac (bb5a30a793dd40f44289dadb786f1427)] -&gt; xpath: //div[@class=&quot;oxd-grid-item oxd-grid-item--gutters&quot;]//div[@class=&quot;oxd-autocomplete-wrapper&quot;]]&#10;Session ID: bb5a30a793dd40f44289dadb786f1427" type="org.openqa.selenium.ElementNotInteractableException"><![CDATA[org.openqa.selenium.ElementNotInteractableException: 
element not interactable
  (Session info: chrome=119.0.6045.105)
Build info: version: '4.14.1', revision: '03f8ede370'
System info: os.name: 'Mac OS X', os.arch: 'x86_64', os.version: '12.7.1', java.version: '21'
Driver info: org.openqa.selenium.chrome.ChromeDriver
Command: [bb5a30a793dd40f44289dadb786f1427, sendKeysToElement {id=7E81CAB7280E33C92D5BBE181EA4BB9D_element_279, value=[Ljava.lang.CharSequence;@23c650a3}]
Capabilities {acceptInsecureCerts: false, browserName: chrome, browserVersion: 119.0.6045.105, chrome: {chromedriverVersion: 119.0.6045.105 (38c72552c5e..., userDataDir: /var/folders/42/xlw21rms3nd...}, fedcm:accounts: true, goog:chromeOptions: {debuggerAddress: localhost:51201}, networkConnectionEnabled: false, pageLoadStrategy: normal, platformName: mac, proxy: Proxy(), se:cdp: ws://localhost:51201/devtoo..., se:cdpVersion: 119.0.6045.105, setWindowRect: true, strictFileInteractability: false, timeouts: {implicit: 0, pageLoad: 300000, script: 30000}, unhandledPromptBehavior: dismiss and notify, webauthn:extension:credBlob: true, webauthn:extension:largeBlob: true, webauthn:extension:minPinLength: true, webauthn:extension:prf: true, webauthn:virtualAuthenticators: true}
Element: [[ChromeDriver: chrome on mac (bb5a30a793dd40f44289dadb786f1427)] -> xpath: //div[@class="oxd-grid-item oxd-grid-item--gutters"]//div[@class="oxd-autocomplete-wrapper"]]
Session ID: bb5a30a793dd40f44289dadb786f1427
	at java.base/jdk.internal.reflect.DirectConstructorHandleAccessor.newInstance(DirectConstructorHandleAccessor.java:62)
	at java.base/java.lang.reflect.Constructor.newInstanceWithCaller(Constructor.java:502)
	at java.base/java.lang.reflect.Constructor.newInstance(Constructor.java:486)
	at org.openqa.selenium.remote.codec.w3c.W3CHttpResponseCodec.createException(W3CHttpResponseCodec.java:200)
	at org.openqa.selenium.remote.codec.w3c.W3CHttpResponseCodec.decode(W3CHttpResponseCodec.java:133)
	at org.openqa.selenium.remote.codec.w3c.W3CHttpResponseCodec.decode(W3CHttpResponseCodec.java:52)
	at org.openqa.selenium.remote.HttpCommandExecutor.execute(HttpCommandExecutor.java:191)
	at org.openqa.selenium.remote.service.DriverCommandExecutor.invokeExecute(DriverCommandExecutor.java:200)
	at org.openqa.selenium.remote.service.DriverCommandExecutor.execute(DriverCommandExecutor.java:175)
	at org.openqa.selenium.remote.RemoteWebDriver.execute(RemoteWebDriver.java:602)
	at org.openqa.selenium.remote.RemoteWebElement.execute(RemoteWebElement.java:224)
	at org.openqa.selenium.remote.RemoteWebElement.sendKeys(RemoteWebElement.java:111)
	at java.base/jdk.internal.reflect.DirectMethodHandleAccessor.invoke(DirectMethodHandleAccessor.java:103)
	at java.base/java.lang.reflect.Method.invoke(Method.java:580)
	at org.openqa.selenium.support.pagefactory.internal.LocatingElementHandler.invoke(LocatingElementHandler.java:51)
	at jdk.proxy2/jdk.proxy2.$Proxy7.sendKeys(Unknown Source)
	at Functionality.OrangeHRM.time(OrangeHRM.java:120)
	at java.base/jdk.internal.reflect.DirectMethodHandleAccessor.invoke(DirectMethodHandleAccessor.java:103)
	at java.base/java.lang.reflect.Method.invoke(Method.java:580)
	at org.testng.internal.invokers.MethodInvocationHelper.invokeMethod(MethodInvocationHelper.java:139)
	at org.testng.internal.invokers.TestInvoker.invokeMethod(TestInvoker.java:664)
	at org.testng.internal.invokers.TestInvoker.invokeTestMethod(TestInvoker.java:227)
	at org.testng.internal.invokers.MethodRunner.runInSequence(MethodRunner.java:50)
	at org.testng.internal.invokers.TestInvoker$MethodInvocationAgent.invoke(TestInvoker.java:957)
	at org.testng.internal.invokers.TestInvoker.invokeTestMethods(TestInvoker.java:200)
	at org.testng.internal.invokers.TestMethodWorker.invokeTestMethods(TestMethodWorker.java:148)
	at org.testng.internal.invokers.TestMethodWorker.run(TestMethodWorker.java:128)
	at java.base/java.util.ArrayList.forEach(ArrayList.java:1596)
	at org.testng.TestRunner.privateRun(TestRunner.java:848)
	at org.testng.TestRunner.run(TestRunner.java:621)
	at org.testng.SuiteRunner.runTest(SuiteRunner.java:443)
	at org.testng.SuiteRunner.runSequentially(SuiteRunner.java:437)
	at org.testng.SuiteRunner.privateRun(SuiteRunner.java:397)
	at org.testng.SuiteRunner.run(SuiteRunner.java:336)
	at org.testng.SuiteRunnerWorker.runSuite(SuiteRunnerWorker.java:52)
	at org.testng.SuiteRunnerWorker.run(SuiteRunnerWorker.java:95)
	at org.testng.TestNG.runSuitesSequentially(TestNG.java:1280)
	at org.testng.TestNG.runSuitesLocally(TestNG.java:1200)
	at org.testng.TestNG.runSuites(TestNG.java:1114)
	at org.testng.TestNG.run(TestNG.java:1082)
	at org.apache.maven.surefire.testng.TestNGExecutor.run(TestNGExecutor.java:308)
	at org.apache.maven.surefire.testng.TestNGXmlTestSuite.execute(TestNGXmlTestSuite.java:71)
	at org.apache.maven.surefire.testng.TestNGProvider.invoke(TestNGProvider.java:113)
	at org.apache.maven.surefire.booter.ForkedBooter.runSuitesInProcess(ForkedBooter.java:385)
	at org.apache.maven.surefire.booter.ForkedBooter.execute(ForkedBooter.java:162)
	at org.apache.maven.surefire.booter.ForkedBooter.run(ForkedBooter.java:507)
	at org.apache.maven.surefire.booter.ForkedBooter.main(ForkedBooter.java:495)
]]></failure>
  </testcase>
</testsuite>