<?xml version="1.0" encoding="UTF-8"?>
<testng-results ignored="0" total="4" passed="4" failed="0" skipped="0">
  <reporter-output>
  </reporter-output>
  <suite started-at="2024-08-28T18:20:28 IST" name="Default suite" finished-at="2024-08-28T18:20:28 IST" duration-ms="94">
    <groups>
    </groups>
    <test started-at="2024-08-28T18:20:28 IST" name="Default test" finished-at="2024-08-28T18:20:28 IST" duration-ms="94">
      <class name="TestNG_attributes.DependOnMethods">
        <test-method signature="m1()[pri:0, instance:TestNG_attributes.DependOnMethods@470f1802]" started-at="2024-08-28T18:20:28 IST" name="m1" finished-at="2024-08-28T18:20:28 IST" duration-ms="15" status="PASS">
          <reporter-output>
          </reporter-output>
        </test-method> <!-- m1 -->
        <test-method signature="m2()[pri:0, instance:TestNG_attributes.DependOnMethods@470f1802]" started-at="2024-08-28T18:20:28 IST" name="m2" finished-at="2024-08-28T18:20:28 IST" duration-ms="2" status="PASS">
          <reporter-output>
          </reporter-output>
        </test-method> <!-- m2 -->
        <test-method signature="m3()[pri:0, instance:TestNG_attributes.DependOnMethods@470f1802]" started-at="2024-08-28T18:20:28 IST" name="m3" finished-at="2024-08-28T18:20:28 IST" duration-ms="4" status="PASS">
          <reporter-output>
          </reporter-output>
        </test-method> <!-- m3 -->
        <test-method signature="m4()[pri:0, instance:TestNG_attributes.DependOnMethods@470f1802]" started-at="2024-08-28T18:20:28 IST" name="m4" finished-at="2024-08-28T18:20:28 IST" duration-ms="2" status="PASS">
          <reporter-output>
          </reporter-output>
        </test-method> <!-- m4 -->
      </class> <!-- TestNG_attributes.DependOnMethods -->
    </test> <!-- Default test -->
  </suite> <!-- Default suite -->
</testng-results>
